TN:
SF:controllers\product.controller.js
FN:3,getProducts
FN:12,getProduct
FN:22,createProduct
FN:31,updateProduct
FN:48,deleteProduct
FNDA:1,getProducts
FNDA:1,getProduct
FNDA:1,createProduct
FNDA:2,updateProduct
FNDA:2,deleteProduct
FNF:5
FNH:5
BRDA:1,0,0,1
BRDA:3,1,0,1
BRDA:7,2,0,0
BRDA:12,3,0,1
BRDA:17,4,0,0
BRDA:22,5,0,1
BRDA:26,6,0,0
BRDA:31,7,0,2
BRDA:37,8,0,1
BRDA:43,9,0,0
BRDA:48,10,0,2
BRDA:54,11,0,1
BRDA:59,12,0,0
BRF:13
BRH:8
DA:1,1
DA:2,1
DA:3,1
DA:4,1
DA:5,1
DA:6,1
DA:7,1
DA:8,0
DA:9,0
DA:10,1
DA:11,1
DA:12,1
DA:13,1
DA:14,1
DA:15,1
DA:16,1
DA:17,1
DA:18,0
DA:19,0
DA:20,1
DA:21,1
DA:22,1
DA:23,1
DA:24,1
DA:25,1
DA:26,1
DA:27,0
DA:28,0
DA:29,1
DA:30,1
DA:31,1
DA:32,2
DA:33,2
DA:34,2
DA:35,2
DA:36,2
DA:37,2
DA:38,1
DA:39,1
DA:40,1
DA:41,1
DA:42,1
DA:43,2
DA:44,0
DA:45,0
DA:46,1
DA:47,1
DA:48,1
DA:49,2
DA:50,2
DA:51,2
DA:52,2
DA:53,2
DA:54,2
DA:55,1
DA:56,1
DA:57,1
DA:58,1
DA:59,2
DA:60,0
DA:61,0
DA:62,1
DA:63,1
DA:64,1
DA:65,1
DA:66,1
DA:67,1
DA:68,1
DA:69,1
DA:70,1
LH:60
LF:70
end_of_record
SF:models\product.model.js
FNF:0
FNH:0
BRDA:1,0,0,1
BRF:1
BRH:1
DA:1,1
DA:2,1
DA:3,1
DA:4,1
DA:5,1
DA:6,1
DA:7,1
DA:8,1
DA:9,1
DA:10,1
DA:11,1
DA:12,1
DA:13,1
DA:14,1
DA:15,1
DA:16,1
DA:17,1
DA:18,1
DA:19,1
DA:20,1
DA:21,1
DA:22,1
DA:23,1
DA:24,1
DA:25,1
DA:26,1
DA:27,1
DA:28,1
DA:29,1
DA:30,1
DA:31,1
DA:32,1
DA:33,1
DA:34,1
LH:34
LF:34
end_of_record
SF:tests\product.controller.test.js
FN:14,Product.find
FN:15,Product.findById
FN:17,Product.create
FN:18,Product.findByIdAndUpdate
FN:19,Product.findByIdAndDelete
FN:23,createMockResponse
FN:25,res.status
FN:29,res.json
FN:36,anonymous_8
FN:49,anonymous_9
FN:59,anonymous_10
FN:69,anonymous_11
FN:79,anonymous_12
FN:89,anonymous_13
FN:99,anonymous_14
FNDA:1,Product.find
FNDA:2,Product.findById
FNDA:1,Product.create
FNDA:2,Product.findByIdAndUpdate
FNDA:2,Product.findByIdAndDelete
FNDA:7,createMockResponse
FNDA:7,res.status
FNDA:7,res.json
FNDA:1,anonymous_8
FNDA:1,anonymous_9
FNDA:1,anonymous_10
FNDA:1,anonymous_11
FNDA:1,anonymous_12
FNDA:1,anonymous_13
FNDA:1,anonymous_14
FNF:15
FNH:15
BRDA:1,0,0,1
BRDA:14,1,0,1
BRDA:15,2,0,2
BRDA:16,3,0,0
BRDA:17,4,0,1
BRDA:18,5,0,2
BRDA:18,6,0,1
BRDA:18,7,0,1
BRDA:19,8,0,2
BRDA:20,9,0,1
BRDA:20,10,0,1
BRDA:23,11,0,7
BRDA:25,12,0,7
BRDA:29,13,0,7
BRDA:36,14,0,1
BRDA:49,15,0,1
BRDA:59,16,0,1
BRDA:69,17,0,1
BRDA:79,18,0,1
BRDA:89,19,0,1
BRDA:99,20,0,1
BRF:21
BRH:20
DA:1,1
DA:2,1
DA:3,1
DA:4,1
DA:5,1
DA:6,1
DA:7,1
DA:8,1
DA:9,1
DA:10,1
DA:11,1
DA:12,1
DA:13,1
DA:14,1
DA:15,1
DA:16,1
DA:17,1
DA:18,1
DA:19,1
DA:20,1
DA:21,1
DA:22,1
DA:23,1
DA:24,7
DA:25,7
DA:26,7
DA:27,7
DA:28,7
DA:29,7
DA:30,7
DA:31,7
DA:32,7
DA:33,7
DA:34,1
DA:35,1
DA:36,1
DA:37,1
DA:38,1
DA:39,1
DA:40,1
DA:41,1
DA:42,1
DA:43,1
DA:44,1
DA:45,1
DA:46,1
DA:47,1
DA:48,1
DA:49,1
DA:50,1
DA:51,1
DA:52,1
DA:53,1
DA:54,1
DA:55,1
DA:56,1
DA:57,1
DA:58,1
DA:59,1
DA:60,1
DA:61,1
DA:62,1
DA:63,1
DA:64,1
DA:65,1
DA:66,1
DA:67,1
DA:68,1
DA:69,1
DA:70,1
DA:71,1
DA:72,1
DA:73,1
DA:74,1
DA:75,1
DA:76,1
DA:77,1
DA:78,1
DA:79,1
DA:80,1
DA:81,1
DA:82,1
DA:83,1
DA:84,1
DA:85,1
DA:86,1
DA:87,1
DA:88,1
DA:89,1
DA:90,1
DA:91,1
DA:92,1
DA:93,1
DA:94,1
DA:95,1
DA:96,1
DA:97,1
DA:98,1
DA:99,1
DA:100,1
DA:101,1
DA:102,1
DA:103,1
DA:104,1
DA:105,1
DA:106,1
DA:107,1
LH:107
LF:107
end_of_record
